<?xml version="1.0" encoding="UTF-8"?>
<!-- Generated by org.testng.reporters.JUnitReportReporter -->
<testsuite hostname="LAPTOP-0MJRDEEN" failures="0" tests="1" name="internetexplorer" time="10.438" errors="0" timestamp="9 Jun 2020 22:35:43 GMT">
  <testcase classname="internetexplorer" name="lauchexplorer" time="10.438"/>
</testsuite> <!-- internetexplorer -->
