<?xml version="1.0" encoding="UTF-8"?>
<!-- Generated by org.testng.reporters.JUnitReportReporter -->
<testsuite hostname="LAPTOP-0MJRDEEN" failures="0" tests="2" name="Vaibhav" time="91.806" errors="0" timestamp="3 Jun 2020 09:09:01 GMT">
  <testcase classname="Vaibhav" name="invalidcredentials" time="49.555"/>
  <testcase classname="Vaibhav" name="Authentication" time="42.251"/>
</testsuite> <!-- Vaibhav -->
